<?xml version="1.0" encoding="UTF-8"?>
<!-- Generated by org.testng.reporters.JUnitXMLReporter -->
<testsuite ignored="0" hostname="DESKTOP-2PIKAKN" failures="0" tests="1" name="Netmeds" time="0.557" errors="0" timestamp="26 Sep 2023 13:44:41 GMT">
  <testcase classname="com.framework.testng.api.base.ProjectHooks" name="@BeforeMethod preCondition" time="0.0">
    <failure type="org.testng.TestNGException" message="
Parameter &amp;apos;url&amp;apos; is required by BeforeMethod on method preCondition but has not been marked @Optional or defined
in C:\Users\Windows\eclipse-workspace\QATasks_DockerParallel\testng.xml">
      <![CDATA[org.testng.TestNGException: 
Parameter 'url' is required by BeforeMethod on method preCondition but has not been marked @Optional or defined
in C:\Users\Windows\eclipse-workspace\QATasks_DockerParallel\testng.xml
	at java.base/java.util.concurrent.FutureTask.run(FutureTask.java:264)
	at java.base/java.util.concurrent.ThreadPoolExecutor.runWorker(ThreadPoolExecutor.java:1130)
	at java.base/java.util.concurrent.ThreadPoolExecutor$Worker.run(ThreadPoolExecutor.java:630)
	at java.base/java.lang.Thread.run(Thread.java:832)
... Removed 15 stack frames]]>
    </failure>
  </testcase> <!-- @BeforeMethod preCondition -->
  <testcase classname="com.framework.testng.api.base.ProjectHooks" name="@AfterMethod postCondition" time="0.0">
    <skipped/>
  </testcase> <!-- @AfterMethod postCondition -->
  <testcase classname="com.leaftaps.testcases.Netmeds_MEROPENEM1GM" name="runTests" time="0.001">
    <skipped/>
  </testcase> <!-- runTests -->
</testsuite> <!-- Netmeds -->
