<?xml version="1.0" encoding="UTF-8"?>
<!-- Generated by org.testng.reporters.JUnitReportReporter -->
<testsuite ignored="0" hostname="DESKTOP-2PIKAKN" failures="0" tests="6" name="com.leaftaps.testcases.OneMg_CommonTests" time="1.049" errors="3" timestamp="29 Sep 2023 05:11:52 GMT" skipped="3">
  <testcase classname="com.leaftaps.testcases.OneMg_CommonTests" name="runTests" time="0.301">
    <skipped/>
  </testcase> <!-- runTests -->
  <testcase classname="com.leaftaps.testcases.OneMg_CommonTests" name="runTests" time="0.388">
    <skipped/>
  </testcase> <!-- runTests -->
  <testcase classname="com.leaftaps.testcases.OneMg_CommonTests" name="preCondition" time="0.330">
    <error message="
Parameter &#039;url&#039; is required by BeforeMethod on method preCondition but has not been marked @Optional or defined
in C:\Users\Windows\AppData\Local\Temp\testng-eclipse--836756599\testng-customsuite.xml" type="org.testng.TestNGException">
      <![CDATA[org.testng.TestNGException: 
Parameter 'url' is required by BeforeMethod on method preCondition but has not been marked @Optional or defined
in C:\Users\Windows\AppData\Local\Temp\testng-eclipse--836756599\testng-customsuite.xml
	at org.testng.internal.Parameters.createParameters(Parameters.java:199)
	at org.testng.internal.Parameters.createParameters(Parameters.java:443)
	at org.testng.internal.Parameters.createConfigurationParameters(Parameters.java:118)
	at org.testng.internal.Invoker.invokeConfigurations(Invoker.java:203)
	at org.testng.internal.Invoker.invokeMethod(Invoker.java:590)
	at org.testng.internal.Invoker.invokeTestMethod(Invoker.java:851)
	at org.testng.internal.TestMethodWithDataProviderMethodWorker.call(TestMethodWithDataProviderMethodWorker.java:75)
	at org.testng.internal.TestMethodWithDataProviderMethodWorker.call(TestMethodWithDataProviderMethodWorker.java:14)
	at java.base/java.util.concurrent.FutureTask.run(FutureTask.java:264)
	at java.base/java.util.concurrent.Executors$RunnableAdapter.call(Executors.java:515)
	at java.base/java.util.concurrent.FutureTask.run(FutureTask.java:264)
	at java.base/java.util.concurrent.ThreadPoolExecutor.runWorker(ThreadPoolExecutor.java:1130)
	at java.base/java.util.concurrent.ThreadPoolExecutor$Worker.run(ThreadPoolExecutor.java:630)
	at java.base/java.lang.Thread.run(Thread.java:832)
]]>
    </error>
  </testcase> <!-- preCondition -->
  <testcase classname="com.leaftaps.testcases.OneMg_CommonTests" name="preCondition" time="0.000">
    <error message="
Parameter &#039;url&#039; is required by BeforeMethod on method preCondition but has not been marked @Optional or defined
in C:\Users\Windows\AppData\Local\Temp\testng-eclipse--836756599\testng-customsuite.xml" type="org.testng.TestNGException">
      <![CDATA[org.testng.TestNGException: 
Parameter 'url' is required by BeforeMethod on method preCondition but has not been marked @Optional or defined
in C:\Users\Windows\AppData\Local\Temp\testng-eclipse--836756599\testng-customsuite.xml
	at org.testng.internal.Parameters.createParameters(Parameters.java:199)
	at org.testng.internal.Parameters.createParameters(Parameters.java:443)
	at org.testng.internal.Parameters.createConfigurationParameters(Parameters.java:118)
	at org.testng.internal.Invoker.invokeConfigurations(Invoker.java:203)
	at org.testng.internal.Invoker.invokeMethod(Invoker.java:590)
	at org.testng.internal.Invoker.invokeTestMethod(Invoker.java:851)
	at org.testng.internal.TestMethodWithDataProviderMethodWorker.call(TestMethodWithDataProviderMethodWorker.java:75)
	at org.testng.internal.TestMethodWithDataProviderMethodWorker.call(TestMethodWithDataProviderMethodWorker.java:14)
	at java.base/java.util.concurrent.FutureTask.run(FutureTask.java:264)
	at java.base/java.util.concurrent.Executors$RunnableAdapter.call(Executors.java:515)
	at java.base/java.util.concurrent.FutureTask.run(FutureTask.java:264)
	at java.base/java.util.concurrent.ThreadPoolExecutor.runWorker(ThreadPoolExecutor.java:1130)
	at java.base/java.util.concurrent.ThreadPoolExecutor$Worker.run(ThreadPoolExecutor.java:630)
	at java.base/java.lang.Thread.run(Thread.java:832)
]]>
    </error>
  </testcase> <!-- preCondition -->
  <testcase classname="com.leaftaps.testcases.OneMg_CommonTests" name="preCondition" time="0.000">
    <error message="
Parameter &#039;url&#039; is required by BeforeMethod on method preCondition but has not been marked @Optional or defined
in C:\Users\Windows\AppData\Local\Temp\testng-eclipse--836756599\testng-customsuite.xml" type="org.testng.TestNGException">
      <![CDATA[org.testng.TestNGException: 
Parameter 'url' is required by BeforeMethod on method preCondition but has not been marked @Optional or defined
in C:\Users\Windows\AppData\Local\Temp\testng-eclipse--836756599\testng-customsuite.xml
	at org.testng.internal.Parameters.createParameters(Parameters.java:199)
	at org.testng.internal.Parameters.createParameters(Parameters.java:443)
	at org.testng.internal.Parameters.createConfigurationParameters(Parameters.java:118)
	at org.testng.internal.Invoker.invokeConfigurations(Invoker.java:203)
	at org.testng.internal.Invoker.invokeMethod(Invoker.java:590)
	at org.testng.internal.Invoker.invokeTestMethod(Invoker.java:851)
	at org.testng.internal.TestMethodWithDataProviderMethodWorker.call(TestMethodWithDataProviderMethodWorker.java:75)
	at org.testng.internal.TestMethodWithDataProviderMethodWorker.call(TestMethodWithDataProviderMethodWorker.java:14)
	at java.base/java.util.concurrent.FutureTask.run(FutureTask.java:264)
	at java.base/java.util.concurrent.Executors$RunnableAdapter.call(Executors.java:515)
	at java.base/java.util.concurrent.FutureTask.run(FutureTask.java:264)
	at java.base/java.util.concurrent.ThreadPoolExecutor.runWorker(ThreadPoolExecutor.java:1130)
	at java.base/java.util.concurrent.ThreadPoolExecutor$Worker.run(ThreadPoolExecutor.java:630)
	at java.base/java.lang.Thread.run(Thread.java:832)
]]>
    </error>
  </testcase> <!-- preCondition -->
  <testcase classname="com.leaftaps.testcases.OneMg_CommonTests" name="runTests" time="0.030">
    <skipped/>
  </testcase> <!-- runTests -->
</testsuite> <!-- com.leaftaps.testcases.OneMg_CommonTests -->
